2026-01-20 13:09:16,139 - __main__ - INFO - 
            ====================================
            MT5 CONNECTED SUCCESSFULLY
            Account: 298001984
            Balance: $10000.00
            Equity: $10000.00
            Leverage: 1:2000
            ====================================
            
2026-01-20 13:09:16,141 - __main__ - INFO - 
        ============================================
        FOREX TRADING BOT STARTING
        ============================================
        
2026-01-20 13:09:16,142 - __main__ - ERROR - Cannot get tick for USDTUGX
2026-01-20 13:09:25,732 - __main__ - INFO - Bot shutdown complete
2026-01-20 13:10:31,414 - __main__ - INFO - 
            ====================================
            MT5 CONNECTED SUCCESSFULLY
            Account: 298001984
            Balance: $10000.00
            Equity: $10000.00
            Leverage: 1:2000
            ====================================
            
2026-01-20 13:10:31,423 - __main__ - INFO - 
        ============================================
        FOREX TRADING BOT STARTING
        ============================================
        
2026-01-20 13:10:31,424 - __main__ - ERROR - Cannot get tick for USDTEUR
2026-01-20 13:10:41,438 - __main__ - ERROR - Cannot get tick for USDTEUR
2026-01-20 13:10:51,449 - __main__ - ERROR - Cannot get tick for USDTEUR
2026-01-20 13:10:56,113 - __main__ - INFO - Bot shutdown complete
2026-01-20 13:11:06,952 - __main__ - INFO - 
            ====================================
            MT5 CONNECTED SUCCESSFULLY
            Account: 298001984
            Balance: $10000.00
            Equity: $10000.00
            Leverage: 1:2000
            ====================================
            
2026-01-20 13:11:06,953 - __main__ - INFO - 
        ============================================
        FOREX TRADING BOT STARTING
        ============================================
        
2026-01-20 13:11:06,954 - __main__ - ERROR - Cannot get tick for USDT/EUR
2026-01-20 13:11:16,961 - __main__ - ERROR - Cannot get tick for USDT/EUR
2026-01-20 13:11:17,991 - __main__ - INFO - Bot shutdown complete
2026-01-20 13:11:20,875 - __main__ - INFO - 
            ====================================
            MT5 CONNECTED SUCCESSFULLY
            Account: 298001984
            Balance: $10000.00
            Equity: $10000.00
            Leverage: 1:2000
            ====================================
            
2026-01-20 13:11:20,876 - __main__ - INFO - 
        ============================================
        FOREX TRADING BOT STARTING
        ============================================
        
2026-01-20 13:11:20,877 - __main__ - ERROR - Cannot get tick for USD/EUR
2026-01-20 13:11:30,886 - __main__ - ERROR - Cannot get tick for USD/EUR
2026-01-20 13:11:40,896 - __main__ - ERROR - Cannot get tick for USD/EUR
2026-01-20 13:11:50,902 - __main__ - ERROR - Cannot get tick for USD/EUR
2026-01-20 13:12:00,908 - __main__ - ERROR - Cannot get tick for USD/EUR
2026-01-20 13:12:10,915 - __main__ - ERROR - Cannot get tick for USD/EUR
2026-01-20 13:12:20,928 - __main__ - ERROR - Cannot get tick for USD/EUR
2026-01-20 13:12:30,934 - __main__ - ERROR - Cannot get tick for USD/EUR
2026-01-20 13:12:40,941 - __main__ - ERROR - Cannot get tick for USD/EUR
2026-01-20 13:12:50,950 - __main__ - ERROR - Cannot get tick for USD/EUR
2026-01-20 13:13:00,968 - __main__ - ERROR - Cannot get tick for USD/EUR
2026-01-20 13:13:10,983 - __main__ - ERROR - Cannot get tick for USD/EUR
2026-01-20 13:13:20,997 - __main__ - ERROR - Cannot get tick for USD/EUR
2026-01-20 13:13:31,005 - __main__ - ERROR - Cannot get tick for USD/EUR
2026-01-20 13:13:34,716 - __main__ - INFO - Bot shutdown complete
2026-01-20 13:20:39,838 - __main__ - ERROR - MT5 login failed: (-6, 'Terminal: Authorization failed')
2026-01-20 20:23:56,152 - __main__ - ERROR - MT5 login failed: (-6, 'Terminal: Authorization failed')
